0 info it worked if it ends with ok
1 verbose cli [ '/Users/hal/.nvm/v0.11.12/bin/node',
1 verbose cli   '/Users/hal/.nvm/v0.11.12/bin/npm',
1 verbose cli   'completion',
1 verbose cli   '--',
1 verbose cli   'npm',
1 verbose cli   'install',
1 verbose cli   '--save',
1 verbose cli   'react-d3-basic' ]
2 info using npm@1.4.3
3 info using node@v0.11.12
4 verbose registry.get /-/short not expired, no request
5 error TypeError: Object #<Object> has no method 'filter'
5 error     at /Users/hal/.nvm/v0.11.12/lib/node_modules/npm/lib/install.js:42:17
5 error     at RegClient.get_ (/Users/hal/.nvm/v0.11.12/lib/node_modules/npm/node_modules/npm-registry-client/lib/get.js:111:14)
5 error     at RegClient.<anonymous> (/Users/hal/.nvm/v0.11.12/lib/node_modules/npm/node_modules/npm-registry-client/lib/get.js:47:12)
5 error     at fs.js:258:14
5 error     at /Users/hal/.nvm/v0.11.12/lib/node_modules/npm/node_modules/graceful-fs/graceful-fs.js:105:5
5 error     at Object.oncomplete (fs.js:97:15)
6 error If you need help, you may report this *entire* log,
6 error including the npm and node versions, at:
6 error     <http://github.com/npm/npm/issues>
7 error System Darwin 14.5.0
8 error command "/Users/hal/.nvm/v0.11.12/bin/node" "/Users/hal/.nvm/v0.11.12/bin/npm" "completion" "--" "npm" "install" "--save" "react-d3-basic"
9 error cwd /Users/hal/Documents/workspace/hackcamp/shelterassist
10 error node -v v0.11.12
11 error npm -v 1.4.3
12 verbose exit [ 1, true ]
